C251 COMPILER V5.60.0,  imu660                                                             19/07/23  21:09:12  PAGE 1   


C251 COMPILER V5.60.0, COMPILATION OF MODULE imu660
OBJECT MODULE PLACED IN .\Out_File\imu660.obj
COMPILER INVOKED BY: D:\c251\C251\BIN\C251.EXE imu660.c XSMALL INTR2 WARNINGLEVEL(3) OPTIMIZE(0,SPEED) BROWSE INCDIR(..\
                    -..\Libraries\libraries;..\..\Libraries\seekfree_libraries;..\..\Libraries\seekfree_peripheral;..\CODE;..\USER\inc;..\USE
                    -R\src;..\MDK;.\MY_LIBRARY) DEBUG PRINT(.\Out_File\imu660.lst) OBJECT(.\Out_File\imu660.obj) 

stmt  level    source

    1          #include "imu660.h"
    2          void Imu660Init()
    3          {
    4   1          while(imu660ra_init())                              //¡˘÷·Õ”¬›“«≥ı ºªØ
    5   1              {
    6   2                      delay_ms(50);
    7   2                      P52 = !P52;
    8   2              }
    9   1      }


Module Information          Static   Overlayable
------------------------------------------------
  code size            =        27     ------
  ecode size           =    ------     ------
  data size            =    ------     ------
  idata size           =    ------     ------
  pdata size           =    ------     ------
  xdata size           =    ------     ------
  xdata-const size     =    ------     ------
  edata size           =    ------     ------
  bit size             =    ------     ------
  ebit size            =    ------     ------
  bitaddressable size  =    ------     ------
  ebitaddressable size =    ------     ------
  far data size        =    ------     ------
  huge data size       =    ------     ------
  const size           =    ------     ------
  hconst size          =    ------     ------
End of Module Information.


C251 COMPILATION COMPLETE.  0 WARNING(S),  0 ERROR(S)
